cabal: Entering directory '/var/folders/pb/55v2zn3n28s1_0bj1wvw_xcw0000gn/T/cabal-tmp-28511/auto-update-0.1.4'
Configuring auto-update-0.1.4...
Preprocessing library for auto-update-0.1.4..
Building library for auto-update-0.1.4..
[1 of 4] Compiling Control.AutoUpdate ( Control/AutoUpdate.hs, dist/dist-sandbox-cae292d1/build/Control/AutoUpdate.o )
[2 of 4] Compiling Control.AutoUpdate.Util ( Control/AutoUpdate/Util.hs, dist/dist-sandbox-cae292d1/build/Control/AutoUpdate/Util.o )
[3 of 4] Compiling Control.Debounce ( Control/Debounce.hs, dist/dist-sandbox-cae292d1/build/Control/Debounce.o )
[4 of 4] Compiling Control.Reaper   ( Control/Reaper.hs, dist/dist-sandbox-cae292d1/build/Control/Reaper.o )
[1 of 4] Compiling Control.AutoUpdate ( Control/AutoUpdate.hs, dist/dist-sandbox-cae292d1/build/Control/AutoUpdate.p_o )
[2 of 4] Compiling Control.AutoUpdate.Util ( Control/AutoUpdate/Util.hs, dist/dist-sandbox-cae292d1/build/Control/AutoUpdate/Util.p_o )
[3 of 4] Compiling Control.Debounce ( Control/Debounce.hs, dist/dist-sandbox-cae292d1/build/Control/Debounce.p_o )
[4 of 4] Compiling Control.Reaper   ( Control/Reaper.hs, dist/dist-sandbox-cae292d1/build/Control/Reaper.p_o )
ignoring (possibly broken) abi-depends field for packages
Preprocessing library for auto-update-0.1.4..
Running Haddock on library for auto-update-0.1.4..
Haddock coverage:
 100% ( 11 / 11) in 'Control.AutoUpdate'
 100% (  9 /  9) in 'Control.Debounce'
 100% ( 18 / 18) in 'Control.Reaper'
Documentation created:
dist/dist-sandbox-cae292d1/doc/html/auto-update/index.html
Installing library in /Users/oscarroche/dev/joko_test/.cabal-sandbox/lib/x86_64-osx-ghc-8.4.3/auto-update-0.1.4-7k5Okr80TfS9UGlvnbDZr0
cabal: Leaving directory '/var/folders/pb/55v2zn3n28s1_0bj1wvw_xcw0000gn/T/cabal-tmp-28511/auto-update-0.1.4'
