cabal: Entering directory '/var/folders/pb/55v2zn3n28s1_0bj1wvw_xcw0000gn/T/cabal-tmp-28510/cookie-0.4.4'
Configuring cookie-0.4.4...
Preprocessing library for cookie-0.4.4..
Building library for cookie-0.4.4..
[1 of 1] Compiling Web.Cookie       ( Web/Cookie.hs, dist/dist-sandbox-cae292d1/build/Web/Cookie.o )
[1 of 1] Compiling Web.Cookie       ( Web/Cookie.hs, dist/dist-sandbox-cae292d1/build/Web/Cookie.p_o )
ignoring (possibly broken) abi-depends field for packages
Preprocessing library for cookie-0.4.4..
Running Haddock on library for cookie-0.4.4..
Haddock coverage:
  73% ( 24 / 33) in 'Web.Cookie'
  Missing documentation for:
    Module header
    parseSetCookie (Web/Cookie.hs:216)
    renderSetCookie (Web/Cookie.hs:183)
    Cookies (Web/Cookie.hs:67)
    renderCookies (Web/Cookie.hs:100)
    parseCookiesText (Web/Cookie.hs:58)
    renderCookiesText (Web/Cookie.hs:64)
    expiresFormat (Web/Cookie.hs:240)
    parseCookieExpires (Web/Cookie.hs:248)
Documentation created: dist/dist-sandbox-cae292d1/doc/html/cookie/index.html
Installing library in /Users/oscarroche/dev/joko_test/.cabal-sandbox/lib/x86_64-osx-ghc-8.4.3/cookie-0.4.4-J7voMT3UqhIHsi2WXOCT1n
cabal: Leaving directory '/var/folders/pb/55v2zn3n28s1_0bj1wvw_xcw0000gn/T/cabal-tmp-28510/cookie-0.4.4'
