cabal: Entering directory '/var/folders/pb/55v2zn3n28s1_0bj1wvw_xcw0000gn/T/cabal-tmp-28510/easy-file-0.2.2'
Configuring easy-file-0.2.2...
Preprocessing library for easy-file-0.2.2..
Building library for easy-file-0.2.2..
[1 of 4] Compiling System.EasyFile.Directory ( System/EasyFile/Directory.hs, dist/dist-sandbox-cae292d1/build/System/EasyFile/Directory.o )

System/EasyFile/Directory.hs:37:1: warning: [-Wunused-imports]
    The import of ‘Control.Applicative’ is redundant
      except perhaps to import instances from ‘Control.Applicative’
    To import instances alone, use: import Control.Applicative()
   |
37 | import Control.Applicative
   | ^^^^^^^^^^^^^^^^^^^^^^^^^^
[2 of 4] Compiling System.EasyFile.FilePath ( System/EasyFile/FilePath.hs, dist/dist-sandbox-cae292d1/build/System/EasyFile/FilePath.o )
[3 of 4] Compiling System.EasyFile.Missing ( System/EasyFile/Missing.hs, dist/dist-sandbox-cae292d1/build/System/EasyFile/Missing.o )

System/EasyFile/Missing.hs:7:1: warning: [-Wunused-imports]
    The import of ‘Control.Applicative’ is redundant
      except perhaps to import instances from ‘Control.Applicative’
    To import instances alone, use: import Control.Applicative()
  |
7 | import Control.Applicative
  | ^^^^^^^^^^^^^^^^^^^^^^^^^^
[4 of 4] Compiling System.EasyFile  ( System/EasyFile.hs, dist/dist-sandbox-cae292d1/build/System/EasyFile.o )
[1 of 4] Compiling System.EasyFile.Directory ( System/EasyFile/Directory.hs, dist/dist-sandbox-cae292d1/build/System/EasyFile/Directory.p_o )

System/EasyFile/Directory.hs:37:1: warning: [-Wunused-imports]
    The import of ‘Control.Applicative’ is redundant
      except perhaps to import instances from ‘Control.Applicative’
    To import instances alone, use: import Control.Applicative()
   |
37 | import Control.Applicative
   | ^^^^^^^^^^^^^^^^^^^^^^^^^^
[2 of 4] Compiling System.EasyFile.FilePath ( System/EasyFile/FilePath.hs, dist/dist-sandbox-cae292d1/build/System/EasyFile/FilePath.p_o )
[3 of 4] Compiling System.EasyFile.Missing ( System/EasyFile/Missing.hs, dist/dist-sandbox-cae292d1/build/System/EasyFile/Missing.p_o )

System/EasyFile/Missing.hs:7:1: warning: [-Wunused-imports]
    The import of ‘Control.Applicative’ is redundant
      except perhaps to import instances from ‘Control.Applicative’
    To import instances alone, use: import Control.Applicative()
  |
7 | import Control.Applicative
  | ^^^^^^^^^^^^^^^^^^^^^^^^^^
[4 of 4] Compiling System.EasyFile  ( System/EasyFile.hs, dist/dist-sandbox-cae292d1/build/System/EasyFile.p_o )
ignoring (possibly broken) abi-depends field for packages
Preprocessing library for easy-file-0.2.2..
Running Haddock on library for easy-file-0.2.2..

System/EasyFile/Directory.hs:37:1: warning: [-Wunused-imports]
    The import of ‘Control.Applicative’ is redundant
      except perhaps to import instances from ‘Control.Applicative’
    To import instances alone, use: import Control.Applicative()
   |
37 | import Control.Applicative
   | ^^^^^^^^^^^^^^^^^^^^^^^^^^

System/EasyFile/Missing.hs:7:1: warning: [-Wunused-imports]
    The import of ‘Control.Applicative’ is redundant
      except perhaps to import instances from ‘Control.Applicative’
    To import instances alone, use: import Control.Applicative()
  |
7 | import Control.Applicative
  | ^^^^^^^^^^^^^^^^^^^^^^^^^^
Haddock coverage:
  99% ( 88 / 89) in 'System.EasyFile'
  Missing documentation for:
    Permissions
Documentation created:
dist/dist-sandbox-cae292d1/doc/html/easy-file/index.html
Installing library in /Users/oscarroche/dev/joko_test/.cabal-sandbox/lib/x86_64-osx-ghc-8.4.3/easy-file-0.2.2-4l2xgq1xN4PHgDPMu188oI
cabal: Leaving directory '/var/folders/pb/55v2zn3n28s1_0bj1wvw_xcw0000gn/T/cabal-tmp-28510/easy-file-0.2.2'
