cabal: Entering directory '/var/folders/pb/55v2zn3n28s1_0bj1wvw_xcw0000gn/T/cabal-tmp-28510/fast-logger-2.4.13'
Configuring fast-logger-2.4.13...
Preprocessing library for fast-logger-2.4.13..
Building library for fast-logger-2.4.13..
[1 of 9] Compiling System.Log.FastLogger.FileIO ( System/Log/FastLogger/FileIO.hs, dist/dist-sandbox-cae292d1/build/System/Log/FastLogger/FileIO.o )
[2 of 9] Compiling System.Log.FastLogger.IORef ( System/Log/FastLogger/IORef.hs, dist/dist-sandbox-cae292d1/build/System/Log/FastLogger/IORef.o )
[3 of 9] Compiling System.Log.FastLogger.LogStr ( System/Log/FastLogger/LogStr.hs, dist/dist-sandbox-cae292d1/build/System/Log/FastLogger/LogStr.o )
[4 of 9] Compiling System.Log.FastLogger.IO ( System/Log/FastLogger/IO.hs, dist/dist-sandbox-cae292d1/build/System/Log/FastLogger/IO.o )
[5 of 9] Compiling System.Log.FastLogger.Logger ( System/Log/FastLogger/Logger.hs, dist/dist-sandbox-cae292d1/build/System/Log/FastLogger/Logger.o )
[6 of 9] Compiling System.Log.FastLogger.Types ( System/Log/FastLogger/Types.hs, dist/dist-sandbox-cae292d1/build/System/Log/FastLogger/Types.o )
[7 of 9] Compiling System.Log.FastLogger.File ( System/Log/FastLogger/File.hs, dist/dist-sandbox-cae292d1/build/System/Log/FastLogger/File.o )
[8 of 9] Compiling System.Log.FastLogger.Date ( System/Log/FastLogger/Date.hs, dist/dist-sandbox-cae292d1/build/System/Log/FastLogger/Date.o )
[9 of 9] Compiling System.Log.FastLogger ( System/Log/FastLogger.hs, dist/dist-sandbox-cae292d1/build/System/Log/FastLogger.o )
[1 of 9] Compiling System.Log.FastLogger.FileIO ( System/Log/FastLogger/FileIO.hs, dist/dist-sandbox-cae292d1/build/System/Log/FastLogger/FileIO.p_o )
[2 of 9] Compiling System.Log.FastLogger.IORef ( System/Log/FastLogger/IORef.hs, dist/dist-sandbox-cae292d1/build/System/Log/FastLogger/IORef.p_o )
[3 of 9] Compiling System.Log.FastLogger.LogStr ( System/Log/FastLogger/LogStr.hs, dist/dist-sandbox-cae292d1/build/System/Log/FastLogger/LogStr.p_o )
[4 of 9] Compiling System.Log.FastLogger.IO ( System/Log/FastLogger/IO.hs, dist/dist-sandbox-cae292d1/build/System/Log/FastLogger/IO.p_o )
[5 of 9] Compiling System.Log.FastLogger.Logger ( System/Log/FastLogger/Logger.hs, dist/dist-sandbox-cae292d1/build/System/Log/FastLogger/Logger.p_o )
[6 of 9] Compiling System.Log.FastLogger.Types ( System/Log/FastLogger/Types.hs, dist/dist-sandbox-cae292d1/build/System/Log/FastLogger/Types.p_o )
[7 of 9] Compiling System.Log.FastLogger.File ( System/Log/FastLogger/File.hs, dist/dist-sandbox-cae292d1/build/System/Log/FastLogger/File.p_o )
[8 of 9] Compiling System.Log.FastLogger.Date ( System/Log/FastLogger/Date.hs, dist/dist-sandbox-cae292d1/build/System/Log/FastLogger/Date.p_o )
[9 of 9] Compiling System.Log.FastLogger ( System/Log/FastLogger.hs, dist/dist-sandbox-cae292d1/build/System/Log/FastLogger.p_o )
ignoring (possibly broken) abi-depends field for packages
Preprocessing library for fast-logger-2.4.13..
Running Haddock on library for fast-logger-2.4.13..
Haddock coverage:
  50% (  2 /  4) in 'System.Log.FastLogger.Types'
  Missing documentation for:
    Module header
    TimeFormat (System/Log/FastLogger/Types.hs:13)
  83% (  5 /  6) in 'System.Log.FastLogger.File'
  Missing documentation for:
    Module header
 100% (  5 /  5) in 'System.Log.FastLogger.Date'
  97% ( 36 / 37) in 'System.Log.FastLogger'
  Missing documentation for:
    ToLogStr (System/Log/FastLogger/LogStr.hs:70)
Documentation created:
dist/dist-sandbox-cae292d1/doc/html/fast-logger/index.html
Installing library in /Users/oscarroche/dev/joko_test/.cabal-sandbox/lib/x86_64-osx-ghc-8.4.3/fast-logger-2.4.13-Lll0ukfnmMA5Rpw9WNms6f
cabal: Leaving directory '/var/folders/pb/55v2zn3n28s1_0bj1wvw_xcw0000gn/T/cabal-tmp-28510/fast-logger-2.4.13'
