cabal: Entering directory '/var/folders/pb/55v2zn3n28s1_0bj1wvw_xcw0000gn/T/cabal-tmp-40197/http2-1.6.4'
Configuring http2-1.6.4...
Preprocessing library for http2-1.6.4..
Building library for http2-1.6.4..
[ 1 of 29] Compiling Network.HPACK.Builder ( Network/HPACK/Builder.hs, dist/dist-sandbox-cae292d1/build/Network/HPACK/Builder.o )
[ 2 of 29] Compiling Network.HPACK.Huffman.Bit ( Network/HPACK/Huffman/Bit.hs, dist/dist-sandbox-cae292d1/build/Network/HPACK/Huffman/Bit.o )
[ 3 of 29] Compiling Network.HPACK.Huffman.ByteString ( Network/HPACK/Huffman/ByteString.hs, dist/dist-sandbox-cae292d1/build/Network/HPACK/Huffman/ByteString.o )
[ 4 of 29] Compiling Network.HPACK.Huffman.Params ( Network/HPACK/Huffman/Params.hs, dist/dist-sandbox-cae292d1/build/Network/HPACK/Huffman/Params.o )
[ 5 of 29] Compiling Network.HPACK.Huffman.Table ( Network/HPACK/Huffman/Table.hs, dist/dist-sandbox-cae292d1/build/Network/HPACK/Huffman/Table.o )
[ 6 of 29] Compiling Network.HPACK.Huffman.Tree ( Network/HPACK/Huffman/Tree.hs, dist/dist-sandbox-cae292d1/build/Network/HPACK/Huffman/Tree.o )
[ 7 of 29] Compiling Network.HPACK.Token ( Network/HPACK/Token.hs, dist/dist-sandbox-cae292d1/build/Network/HPACK/Token.o )
[ 8 of 29] Compiling Network.HPACK.Types ( Network/HPACK/Types.hs, dist/dist-sandbox-cae292d1/build/Network/HPACK/Types.o )
[ 9 of 29] Compiling Network.HPACK.Table.Entry ( Network/HPACK/Table/Entry.hs, dist/dist-sandbox-cae292d1/build/Network/HPACK/Table/Entry.o )
[10 of 29] Compiling Network.HPACK.Table.Static ( Network/HPACK/Table/Static.hs, dist/dist-sandbox-cae292d1/build/Network/HPACK/Table/Static.o )
[11 of 29] Compiling Network.HPACK.Table.RevIndex ( Network/HPACK/Table/RevIndex.hs, dist/dist-sandbox-cae292d1/build/Network/HPACK/Table/RevIndex.o )
[12 of 29] Compiling Network.HPACK.Buffer ( Network/HPACK/Buffer.hs, dist/dist-sandbox-cae292d1/build/Network/HPACK/Buffer.o )
[13 of 29] Compiling Network.HPACK.Huffman.Encode ( Network/HPACK/Huffman/Encode.hs, dist/dist-sandbox-cae292d1/build/Network/HPACK/Huffman/Encode.o )
[14 of 29] Compiling Network.HPACK.Huffman.Decode ( Network/HPACK/Huffman/Decode.hs, dist/dist-sandbox-cae292d1/build/Network/HPACK/Huffman/Decode.o )
[15 of 29] Compiling Network.HPACK.Huffman ( Network/HPACK/Huffman.hs, dist/dist-sandbox-cae292d1/build/Network/HPACK/Huffman.o )
[16 of 29] Compiling Network.HPACK.Table.Dynamic ( Network/HPACK/Table/Dynamic.hs, dist/dist-sandbox-cae292d1/build/Network/HPACK/Table/Dynamic.o )
[17 of 29] Compiling Network.HPACK.Table ( Network/HPACK/Table.hs, dist/dist-sandbox-cae292d1/build/Network/HPACK/Table.o )
[18 of 29] Compiling Network.HPACK.HeaderBlock.Integer ( Network/HPACK/HeaderBlock/Integer.hs, dist/dist-sandbox-cae292d1/build/Network/HPACK/HeaderBlock/Integer.o )
[19 of 29] Compiling Network.HPACK.HeaderBlock.Encode ( Network/HPACK/HeaderBlock/Encode.hs, dist/dist-sandbox-cae292d1/build/Network/HPACK/HeaderBlock/Encode.o )
[20 of 29] Compiling Network.HPACK.HeaderBlock.Decode ( Network/HPACK/HeaderBlock/Decode.hs, dist/dist-sandbox-cae292d1/build/Network/HPACK/HeaderBlock/Decode.o )
[21 of 29] Compiling Network.HPACK.HeaderBlock ( Network/HPACK/HeaderBlock.hs, dist/dist-sandbox-cae292d1/build/Network/HPACK/HeaderBlock.o )
[22 of 29] Compiling Network.HPACK    ( Network/HPACK.hs, dist/dist-sandbox-cae292d1/build/Network/HPACK.o )
[23 of 29] Compiling Network.HTTP2.Priority.PSQ ( Network/HTTP2/Priority/PSQ.hs, dist/dist-sandbox-cae292d1/build/Network/HTTP2/Priority/PSQ.o )
[24 of 29] Compiling Network.HTTP2.Priority.Queue ( Network/HTTP2/Priority/Queue.hs, dist/dist-sandbox-cae292d1/build/Network/HTTP2/Priority/Queue.o )
[25 of 29] Compiling Network.HTTP2.Types ( Network/HTTP2/Types.hs, dist/dist-sandbox-cae292d1/build/Network/HTTP2/Types.o )
[26 of 29] Compiling Network.HTTP2.Priority ( Network/HTTP2/Priority.hs, dist/dist-sandbox-cae292d1/build/Network/HTTP2/Priority.o )
[27 of 29] Compiling Network.HTTP2.Encode ( Network/HTTP2/Encode.hs, dist/dist-sandbox-cae292d1/build/Network/HTTP2/Encode.o )
[28 of 29] Compiling Network.HTTP2.Decode ( Network/HTTP2/Decode.hs, dist/dist-sandbox-cae292d1/build/Network/HTTP2/Decode.o )
[29 of 29] Compiling Network.HTTP2    ( Network/HTTP2.hs, dist/dist-sandbox-cae292d1/build/Network/HTTP2.o )
[ 1 of 29] Compiling Network.HPACK.Builder ( Network/HPACK/Builder.hs, dist/dist-sandbox-cae292d1/build/Network/HPACK/Builder.p_o )
[ 2 of 29] Compiling Network.HPACK.Huffman.Bit ( Network/HPACK/Huffman/Bit.hs, dist/dist-sandbox-cae292d1/build/Network/HPACK/Huffman/Bit.p_o )
[ 3 of 29] Compiling Network.HPACK.Huffman.ByteString ( Network/HPACK/Huffman/ByteString.hs, dist/dist-sandbox-cae292d1/build/Network/HPACK/Huffman/ByteString.p_o )
[ 4 of 29] Compiling Network.HPACK.Huffman.Params ( Network/HPACK/Huffman/Params.hs, dist/dist-sandbox-cae292d1/build/Network/HPACK/Huffman/Params.p_o )
[ 5 of 29] Compiling Network.HPACK.Huffman.Table ( Network/HPACK/Huffman/Table.hs, dist/dist-sandbox-cae292d1/build/Network/HPACK/Huffman/Table.p_o )
[ 6 of 29] Compiling Network.HPACK.Huffman.Tree ( Network/HPACK/Huffman/Tree.hs, dist/dist-sandbox-cae292d1/build/Network/HPACK/Huffman/Tree.p_o )
[ 7 of 29] Compiling Network.HPACK.Token ( Network/HPACK/Token.hs, dist/dist-sandbox-cae292d1/build/Network/HPACK/Token.p_o )
[ 8 of 29] Compiling Network.HPACK.Types ( Network/HPACK/Types.hs, dist/dist-sandbox-cae292d1/build/Network/HPACK/Types.p_o )
[ 9 of 29] Compiling Network.HPACK.Table.Entry ( Network/HPACK/Table/Entry.hs, dist/dist-sandbox-cae292d1/build/Network/HPACK/Table/Entry.p_o )
[10 of 29] Compiling Network.HPACK.Table.Static ( Network/HPACK/Table/Static.hs, dist/dist-sandbox-cae292d1/build/Network/HPACK/Table/Static.p_o )
[11 of 29] Compiling Network.HPACK.Table.RevIndex ( Network/HPACK/Table/RevIndex.hs, dist/dist-sandbox-cae292d1/build/Network/HPACK/Table/RevIndex.p_o )
[12 of 29] Compiling Network.HPACK.Buffer ( Network/HPACK/Buffer.hs, dist/dist-sandbox-cae292d1/build/Network/HPACK/Buffer.p_o )
[13 of 29] Compiling Network.HPACK.Huffman.Encode ( Network/HPACK/Huffman/Encode.hs, dist/dist-sandbox-cae292d1/build/Network/HPACK/Huffman/Encode.p_o )
[14 of 29] Compiling Network.HPACK.Huffman.Decode ( Network/HPACK/Huffman/Decode.hs, dist/dist-sandbox-cae292d1/build/Network/HPACK/Huffman/Decode.p_o )
[15 of 29] Compiling Network.HPACK.Huffman ( Network/HPACK/Huffman.hs, dist/dist-sandbox-cae292d1/build/Network/HPACK/Huffman.p_o )
[16 of 29] Compiling Network.HPACK.Table.Dynamic ( Network/HPACK/Table/Dynamic.hs, dist/dist-sandbox-cae292d1/build/Network/HPACK/Table/Dynamic.p_o )
[17 of 29] Compiling Network.HPACK.Table ( Network/HPACK/Table.hs, dist/dist-sandbox-cae292d1/build/Network/HPACK/Table.p_o )
[18 of 29] Compiling Network.HPACK.HeaderBlock.Integer ( Network/HPACK/HeaderBlock/Integer.hs, dist/dist-sandbox-cae292d1/build/Network/HPACK/HeaderBlock/Integer.p_o )
[19 of 29] Compiling Network.HPACK.HeaderBlock.Encode ( Network/HPACK/HeaderBlock/Encode.hs, dist/dist-sandbox-cae292d1/build/Network/HPACK/HeaderBlock/Encode.p_o )
[20 of 29] Compiling Network.HPACK.HeaderBlock.Decode ( Network/HPACK/HeaderBlock/Decode.hs, dist/dist-sandbox-cae292d1/build/Network/HPACK/HeaderBlock/Decode.p_o )
[21 of 29] Compiling Network.HPACK.HeaderBlock ( Network/HPACK/HeaderBlock.hs, dist/dist-sandbox-cae292d1/build/Network/HPACK/HeaderBlock.p_o )
[22 of 29] Compiling Network.HPACK    ( Network/HPACK.hs, dist/dist-sandbox-cae292d1/build/Network/HPACK.p_o )
[23 of 29] Compiling Network.HTTP2.Priority.PSQ ( Network/HTTP2/Priority/PSQ.hs, dist/dist-sandbox-cae292d1/build/Network/HTTP2/Priority/PSQ.p_o )
[24 of 29] Compiling Network.HTTP2.Priority.Queue ( Network/HTTP2/Priority/Queue.hs, dist/dist-sandbox-cae292d1/build/Network/HTTP2/Priority/Queue.p_o )
[25 of 29] Compiling Network.HTTP2.Types ( Network/HTTP2/Types.hs, dist/dist-sandbox-cae292d1/build/Network/HTTP2/Types.p_o )
[26 of 29] Compiling Network.HTTP2.Priority ( Network/HTTP2/Priority.hs, dist/dist-sandbox-cae292d1/build/Network/HTTP2/Priority.p_o )
[27 of 29] Compiling Network.HTTP2.Encode ( Network/HTTP2/Encode.hs, dist/dist-sandbox-cae292d1/build/Network/HTTP2/Encode.p_o )
[28 of 29] Compiling Network.HTTP2.Decode ( Network/HTTP2/Decode.hs, dist/dist-sandbox-cae292d1/build/Network/HTTP2/Decode.p_o )
[29 of 29] Compiling Network.HTTP2    ( Network/HTTP2.hs, dist/dist-sandbox-cae292d1/build/Network/HTTP2.p_o )
ignoring (possibly broken) abi-depends field for packages
Preprocessing library for http2-1.6.4..
Running Haddock on library for http2-1.6.4..
Haddock coverage:
  27% ( 20 / 73) in 'Network.HPACK.Token'
  Missing documentation for:
    Module header
    tokenAuthority (Network/HPACK/Token.hs:111)
    tokenMethod (Network/HPACK/Token.hs:112)
    tokenPath (Network/HPACK/Token.hs:113)
    tokenScheme (Network/HPACK/Token.hs:114)
    tokenStatus (Network/HPACK/Token.hs:115)
    tokenAcceptCharset (Network/HPACK/Token.hs:116)
    tokenAcceptEncoding (Network/HPACK/Token.hs:117)
    tokenAcceptLanguage (Network/HPACK/Token.hs:118)
    tokenAcceptRanges (Network/HPACK/Token.hs:119)
    tokenAccept (Network/HPACK/Token.hs:120)
    tokenAccessControlAllowOrigin (Network/HPACK/Token.hs:121)
    tokenAge (Network/HPACK/Token.hs:122)
    tokenAllow (Network/HPACK/Token.hs:123)
    tokenAuthorization (Network/HPACK/Token.hs:124)
    tokenCacheControl (Network/HPACK/Token.hs:125)
    tokenContentDisposition (Network/HPACK/Token.hs:126)
    tokenContentEncoding (Network/HPACK/Token.hs:127)
    tokenContentLanguage (Network/HPACK/Token.hs:128)
    tokenContentLength (Network/HPACK/Token.hs:129)
    tokenContentLocation (Network/HPACK/Token.hs:130)
    tokenContentRange (Network/HPACK/Token.hs:131)
    tokenContentType (Network/HPACK/Token.hs:132)
    tokenCookie (Network/HPACK/Token.hs:133)
    tokenDate (Network/HPACK/Token.hs:134)
    tokenEtag (Network/HPACK/Token.hs:135)
    tokenExpect (Network/HPACK/Token.hs:136)
    tokenExpires (Network/HPACK/Token.hs:137)
    tokenFrom (Network/HPACK/Token.hs:138)
    tokenHost (Network/HPACK/Token.hs:139)
    tokenIfMatch (Network/HPACK/Token.hs:140)
    tokenIfModifiedSince (Network/HPACK/Token.hs:141)
    tokenIfNoneMatch (Network/HPACK/Token.hs:142)
    tokenIfRange (Network/HPACK/Token.hs:143)
    tokenIfUnmodifiedSince (Network/HPACK/Token.hs:144)
    tokenLastModified (Network/HPACK/Token.hs:145)
    tokenLink (Network/HPACK/Token.hs:146)
    tokenLocation (Network/HPACK/Token.hs:147)
    tokenMaxForwards (Network/HPACK/Token.hs:148)
    tokenProxyAuthenticate (Network/HPACK/Token.hs:149)
    tokenProxyAuthorization (Network/HPACK/Token.hs:150)
    tokenRange (Network/HPACK/Token.hs:151)
    tokenReferer (Network/HPACK/Token.hs:152)
    tokenRefresh (Network/HPACK/Token.hs:153)
    tokenRetryAfter (Network/HPACK/Token.hs:154)
    tokenServer (Network/HPACK/Token.hs:155)
    tokenSetCookie (Network/HPACK/Token.hs:156)
    tokenStrictTransportSecurity (Network/HPACK/Token.hs:157)
    tokenTransferEncoding (Network/HPACK/Token.hs:158)
    tokenUserAgent (Network/HPACK/Token.hs:159)
    tokenVary (Network/HPACK/Token.hs:160)
    tokenVia (Network/HPACK/Token.hs:161)
    tokenWwwAuthenticate (Network/HPACK/Token.hs:162)
  92% ( 36 / 39) in 'Network.HPACK'
  Missing documentation for:
    BufferOverrun (Network/HPACK/Types.hs:112)
    TokenHeaderList (Network/HPACK/Types.hs:52)
    TokenHeader (Network/HPACK/Types.hs:50)
 100% ( 16 / 16) in 'Network.HTTP2.Priority'
 100% ( 97 / 97) in 'Network.HTTP2'
Warning: Network.HTTP2.Priority: could not find link destinations for:
    enqueue
Documentation created: dist/dist-sandbox-cae292d1/doc/html/http2/index.html
Installing library in /Users/oscarroche/dev/joko_test/.cabal-sandbox/lib/x86_64-osx-ghc-8.4.3/http2-1.6.4-KfxOUOzTdZv95gpnAPjV1f
cabal: Leaving directory '/var/folders/pb/55v2zn3n28s1_0bj1wvw_xcw0000gn/T/cabal-tmp-40197/http2-1.6.4'
