cabal: Entering directory '/var/folders/pb/55v2zn3n28s1_0bj1wvw_xcw0000gn/T/cabal-tmp-28513/http-types-0.12.2'
Configuring http-types-0.12.2...
Preprocessing library for http-types-0.12.2..
Building library for http-types-0.12.2..
[1 of 7] Compiling Network.HTTP.Types.Header ( Network/HTTP/Types/Header.hs, dist/dist-sandbox-cae292d1/build/Network/HTTP/Types/Header.o )
[2 of 7] Compiling Network.HTTP.Types.Method ( Network/HTTP/Types/Method.hs, dist/dist-sandbox-cae292d1/build/Network/HTTP/Types/Method.o )
[3 of 7] Compiling Network.HTTP.Types.Status ( Network/HTTP/Types/Status.hs, dist/dist-sandbox-cae292d1/build/Network/HTTP/Types/Status.o )
[4 of 7] Compiling Network.HTTP.Types.URI ( Network/HTTP/Types/URI.hs, dist/dist-sandbox-cae292d1/build/Network/HTTP/Types/URI.o )
[5 of 7] Compiling Network.HTTP.Types.QueryLike ( Network/HTTP/Types/QueryLike.hs, dist/dist-sandbox-cae292d1/build/Network/HTTP/Types/QueryLike.o )
[6 of 7] Compiling Network.HTTP.Types.Version ( Network/HTTP/Types/Version.hs, dist/dist-sandbox-cae292d1/build/Network/HTTP/Types/Version.o )
[7 of 7] Compiling Network.HTTP.Types ( Network/HTTP/Types.hs, dist/dist-sandbox-cae292d1/build/Network/HTTP/Types.o )
[1 of 7] Compiling Network.HTTP.Types.Header ( Network/HTTP/Types/Header.hs, dist/dist-sandbox-cae292d1/build/Network/HTTP/Types/Header.p_o )
[2 of 7] Compiling Network.HTTP.Types.Method ( Network/HTTP/Types/Method.hs, dist/dist-sandbox-cae292d1/build/Network/HTTP/Types/Method.p_o )
[3 of 7] Compiling Network.HTTP.Types.Status ( Network/HTTP/Types/Status.hs, dist/dist-sandbox-cae292d1/build/Network/HTTP/Types/Status.p_o )
[4 of 7] Compiling Network.HTTP.Types.URI ( Network/HTTP/Types/URI.hs, dist/dist-sandbox-cae292d1/build/Network/HTTP/Types/URI.p_o )
[5 of 7] Compiling Network.HTTP.Types.QueryLike ( Network/HTTP/Types/QueryLike.hs, dist/dist-sandbox-cae292d1/build/Network/HTTP/Types/QueryLike.p_o )
[6 of 7] Compiling Network.HTTP.Types.Version ( Network/HTTP/Types/Version.hs, dist/dist-sandbox-cae292d1/build/Network/HTTP/Types/Version.p_o )
[7 of 7] Compiling Network.HTTP.Types ( Network/HTTP/Types.hs, dist/dist-sandbox-cae292d1/build/Network/HTTP/Types.p_o )
ignoring (possibly broken) abi-depends field for packages
Preprocessing library for http-types-0.12.2..
Running Haddock on library for http-types-0.12.2..
Haddock coverage:
  93% ( 64 / 69) in 'Network.HTTP.Types.Header'
  Missing documentation for:
    Module header
    renderByteRangeBuilder (Network/HTTP/Types/Header.hs:178)
    renderByteRange (Network/HTTP/Types/Header.hs:183)
    renderByteRangesBuilder (Network/HTTP/Types/Header.hs:189)
    renderByteRanges (Network/HTTP/Types/Header.hs:193)
  93% ( 14 / 15) in 'Network.HTTP.Types.Method'
  Missing documentation for:
    Module header
  99% (103 /104) in 'Network.HTTP.Types.Status'
  Missing documentation for:
    Module header
  97% ( 36 / 37) in 'Network.HTTP.Types.URI'
  Missing documentation for:
    Module header
  75% (  3 /  4) in 'Network.HTTP.Types.QueryLike'
  Missing documentation for:
    Module header
  83% (  5 /  6) in 'Network.HTTP.Types.Version'
  Missing documentation for:
    Module header
  97% (191 /196) in 'Network.HTTP.Types'
  Missing documentation for:
    Module header
    renderByteRangeBuilder (Network/HTTP/Types/Header.hs:178)
    renderByteRange (Network/HTTP/Types/Header.hs:183)
    renderByteRangesBuilder (Network/HTTP/Types/Header.hs:189)
    renderByteRanges (Network/HTTP/Types/Header.hs:193)
Warning: Network.HTTP.Types.Method: could not find link destinations for:
    unsafeIndex unsafeRangeSize
Warning: Network.HTTP.Types: could not find link destinations for:
    unsafeIndex unsafeRangeSize
Documentation created:
dist/dist-sandbox-cae292d1/doc/html/http-types/index.html
Installing library in /Users/oscarroche/dev/joko_test/.cabal-sandbox/lib/x86_64-osx-ghc-8.4.3/http-types-0.12.2-BWMnyeOP411L1prBo3hTBn
cabal: Leaving directory '/var/folders/pb/55v2zn3n28s1_0bj1wvw_xcw0000gn/T/cabal-tmp-28513/http-types-0.12.2'
