cabal: Entering directory '/var/folders/pb/55v2zn3n28s1_0bj1wvw_xcw0000gn/T/cabal-tmp-28510/http-date-0.0.8'
Configuring http-date-0.0.8...
Preprocessing library for http-date-0.0.8..
Building library for http-date-0.0.8..
[1 of 5] Compiling Network.HTTP.Date.Types ( Network/HTTP/Date/Types.hs, dist/dist-sandbox-cae292d1/build/Network/HTTP/Date/Types.o )
[2 of 5] Compiling Network.HTTP.Date.Parser ( Network/HTTP/Date/Parser.hs, dist/dist-sandbox-cae292d1/build/Network/HTTP/Date/Parser.o )
[3 of 5] Compiling Network.HTTP.Date.Formatter ( Network/HTTP/Date/Formatter.hs, dist/dist-sandbox-cae292d1/build/Network/HTTP/Date/Formatter.o )
[4 of 5] Compiling Network.HTTP.Date.Converter ( Network/HTTP/Date/Converter.hs, dist/dist-sandbox-cae292d1/build/Network/HTTP/Date/Converter.o )

Network/HTTP/Date/Converter.hs:7:1: warning: [-Wunused-imports]
    The import of ‘Control.Applicative’ is redundant
      except perhaps to import instances from ‘Control.Applicative’
    To import instances alone, use: import Control.Applicative()
  |
7 | import Control.Applicative
  | ^^^^^^^^^^^^^^^^^^^^^^^^^^

Network/HTTP/Date/Converter.hs:97:6: warning: [-Wname-shadowing]
    This binding for ‘months’ shadows the existing binding
      imported from ‘Data.Time’ at Network/HTTP/Date/Converter.hs:9:1-16
      (and originally defined in ‘time-1.8.0.2:Data.Time.Format.Locale’)
   |
97 |     (months, daysArr) = if isLeap yy
   |      ^^^^^^

Network/HTTP/Date/Converter.hs:100:19: warning: [-Wdeprecations]
    In the use of ‘inlinePerformIO’
    (imported from Data.ByteString.Internal):
    Deprecated: "If you think you know what you are doing, use 'unsafePerformIO'. If you are sure you know what you are doing, use 'unsafeDupablePerformIO'. If you enjoy sharing an address space with a malevolent agent of chaos, try 'accursedUnutterablePerformIO'."
    |
100 |     findMonth n = inlinePerformIO $ (,) <$> (peekElemOff months n) <*> (peekElemOff daysArr n)
    |                   ^^^^^^^^^^^^^^^
[5 of 5] Compiling Network.HTTP.Date ( Network/HTTP/Date.hs, dist/dist-sandbox-cae292d1/build/Network/HTTP/Date.o )
[1 of 5] Compiling Network.HTTP.Date.Types ( Network/HTTP/Date/Types.hs, dist/dist-sandbox-cae292d1/build/Network/HTTP/Date/Types.p_o )
[2 of 5] Compiling Network.HTTP.Date.Parser ( Network/HTTP/Date/Parser.hs, dist/dist-sandbox-cae292d1/build/Network/HTTP/Date/Parser.p_o )
[3 of 5] Compiling Network.HTTP.Date.Formatter ( Network/HTTP/Date/Formatter.hs, dist/dist-sandbox-cae292d1/build/Network/HTTP/Date/Formatter.p_o )
[4 of 5] Compiling Network.HTTP.Date.Converter ( Network/HTTP/Date/Converter.hs, dist/dist-sandbox-cae292d1/build/Network/HTTP/Date/Converter.p_o )

Network/HTTP/Date/Converter.hs:7:1: warning: [-Wunused-imports]
    The import of ‘Control.Applicative’ is redundant
      except perhaps to import instances from ‘Control.Applicative’
    To import instances alone, use: import Control.Applicative()
  |
7 | import Control.Applicative
  | ^^^^^^^^^^^^^^^^^^^^^^^^^^

Network/HTTP/Date/Converter.hs:97:6: warning: [-Wname-shadowing]
    This binding for ‘months’ shadows the existing binding
      imported from ‘Data.Time’ at Network/HTTP/Date/Converter.hs:9:1-16
      (and originally defined in ‘time-1.8.0.2:Data.Time.Format.Locale’)
   |
97 |     (months, daysArr) = if isLeap yy
   |      ^^^^^^

Network/HTTP/Date/Converter.hs:100:19: warning: [-Wdeprecations]
    In the use of ‘inlinePerformIO’
    (imported from Data.ByteString.Internal):
    Deprecated: "If you think you know what you are doing, use 'unsafePerformIO'. If you are sure you know what you are doing, use 'unsafeDupablePerformIO'. If you enjoy sharing an address space with a malevolent agent of chaos, try 'accursedUnutterablePerformIO'."
    |
100 |     findMonth n = inlinePerformIO $ (,) <$> (peekElemOff months n) <*> (peekElemOff daysArr n)
    |                   ^^^^^^^^^^^^^^^
[5 of 5] Compiling Network.HTTP.Date ( Network/HTTP/Date.hs, dist/dist-sandbox-cae292d1/build/Network/HTTP/Date.p_o )
ignoring (possibly broken) abi-depends field for packages
Preprocessing library for http-date-0.0.8..
Running Haddock on library for http-date-0.0.8..

Network/HTTP/Date/Converter.hs:7:1: warning: [-Wunused-imports]
    The import of ‘Control.Applicative’ is redundant
      except perhaps to import instances from ‘Control.Applicative’
    To import instances alone, use: import Control.Applicative()
  |
7 | import Control.Applicative
  | ^^^^^^^^^^^^^^^^^^^^^^^^^^

Network/HTTP/Date/Converter.hs:97:6: warning: [-Wname-shadowing]
    This binding for ‘months’ shadows the existing binding
      imported from ‘Data.Time’ at Network/HTTP/Date/Converter.hs:9:1-16
      (and originally defined in ‘time-1.8.0.2:Data.Time.Format.Locale’)
   |
97 |     (months, daysArr) = if isLeap yy
   |      ^^^^^^

Network/HTTP/Date/Converter.hs:100:19: warning: [-Wdeprecations]
    In the use of ‘inlinePerformIO’
    (imported from Data.ByteString.Internal):
    Deprecated: "If you think you know what you are doing, use 'unsafePerformIO'. If you are sure you know what you are doing, use 'unsafeDupablePerformIO'. If you enjoy sharing an address space with a malevolent agent of chaos, try 'accursedUnutterablePerformIO'."
    |
100 |     findMonth n = inlinePerformIO $ (,) <$> (peekElemOff months n) <*> (peekElemOff daysArr n)
    |                   ^^^^^^^^^^^^^^^
Haddock coverage:
  56% (  9 / 16) in 'Network.HTTP.Date'
  Missing documentation for:
    hdYear (Network/HTTP/Date/Types.hs:18)
    hdMonth (Network/HTTP/Date/Types.hs:19)
    hdDay (Network/HTTP/Date/Types.hs:20)
    hdHour (Network/HTTP/Date/Types.hs:21)
    hdMinute (Network/HTTP/Date/Types.hs:22)
    hdSecond (Network/HTTP/Date/Types.hs:23)
    hdWkday (Network/HTTP/Date/Types.hs:24)
Documentation created:
dist/dist-sandbox-cae292d1/doc/html/http-date/index.html
Installing library in /Users/oscarroche/dev/joko_test/.cabal-sandbox/lib/x86_64-osx-ghc-8.4.3/http-date-0.0.8-JeyivZe3QyWBhtKOPXSQ5E
cabal: Leaving directory '/var/folders/pb/55v2zn3n28s1_0bj1wvw_xcw0000gn/T/cabal-tmp-28510/http-date-0.0.8'
