cabal: Entering directory '/var/folders/pb/55v2zn3n28s1_0bj1wvw_xcw0000gn/T/cabal-tmp-28510/psqueues-0.2.7.1'
Configuring psqueues-0.2.7.1...
Preprocessing library for psqueues-0.2.7.1..
Building library for psqueues-0.2.7.1..
[1 of 7] Compiling Data.BitUtil     ( src/Data/BitUtil.hs, dist/dist-sandbox-cae292d1/build/Data/BitUtil.o )
[2 of 7] Compiling Data.IntPSQ.Internal ( src/Data/IntPSQ/Internal.hs, dist/dist-sandbox-cae292d1/build/Data/IntPSQ/Internal.o )
[3 of 7] Compiling Data.IntPSQ      ( src/Data/IntPSQ.hs, dist/dist-sandbox-cae292d1/build/Data/IntPSQ.o )
[4 of 7] Compiling Data.OrdPSQ.Internal ( src/Data/OrdPSQ/Internal.hs, dist/dist-sandbox-cae292d1/build/Data/OrdPSQ/Internal.o )
[5 of 7] Compiling Data.OrdPSQ      ( src/Data/OrdPSQ.hs, dist/dist-sandbox-cae292d1/build/Data/OrdPSQ.o )
[6 of 7] Compiling Data.HashPSQ.Internal ( src/Data/HashPSQ/Internal.hs, dist/dist-sandbox-cae292d1/build/Data/HashPSQ/Internal.o )
[7 of 7] Compiling Data.HashPSQ     ( src/Data/HashPSQ.hs, dist/dist-sandbox-cae292d1/build/Data/HashPSQ.o )
[1 of 7] Compiling Data.BitUtil     ( src/Data/BitUtil.hs, dist/dist-sandbox-cae292d1/build/Data/BitUtil.p_o )
[2 of 7] Compiling Data.IntPSQ.Internal ( src/Data/IntPSQ/Internal.hs, dist/dist-sandbox-cae292d1/build/Data/IntPSQ/Internal.p_o )
[3 of 7] Compiling Data.IntPSQ      ( src/Data/IntPSQ.hs, dist/dist-sandbox-cae292d1/build/Data/IntPSQ.p_o )
[4 of 7] Compiling Data.OrdPSQ.Internal ( src/Data/OrdPSQ/Internal.hs, dist/dist-sandbox-cae292d1/build/Data/OrdPSQ/Internal.p_o )
[5 of 7] Compiling Data.OrdPSQ      ( src/Data/OrdPSQ.hs, dist/dist-sandbox-cae292d1/build/Data/OrdPSQ.p_o )
[6 of 7] Compiling Data.HashPSQ.Internal ( src/Data/HashPSQ/Internal.hs, dist/dist-sandbox-cae292d1/build/Data/HashPSQ/Internal.p_o )
[7 of 7] Compiling Data.HashPSQ     ( src/Data/HashPSQ.hs, dist/dist-sandbox-cae292d1/build/Data/HashPSQ.p_o )
ignoring (possibly broken) abi-depends field for packages
Preprocessing library for psqueues-0.2.7.1..
Running Haddock on library for psqueues-0.2.7.1..
Haddock coverage:
  95% ( 39 / 41) in 'Data.IntPSQ'
  Missing documentation for:
    unsafeInsertIncreasePriorityView (src/Data/IntPSQ/Internal.hs:543)
    unsafeInsertWithIncreasePriorityView (src/Data/IntPSQ/Internal.hs:580)
 100% ( 35 / 35) in 'Data.OrdPSQ'
  92% ( 35 / 38) in 'Data.HashPSQ'
  Missing documentation for:
    unsafeLookupIncreasePriority (src/Data/HashPSQ/Internal.hs:428)
    unsafeInsertIncreasePriority (src/Data/HashPSQ/Internal.hs:449)
    unsafeInsertIncreasePriorityView (src/Data/HashPSQ/Internal.hs:464)
Warning: Data.IntPSQ: could not find link destinations for:
    Key
Documentation created: dist/dist-sandbox-cae292d1/doc/html/psqueues/index.html
Installing library in /Users/oscarroche/dev/joko_test/.cabal-sandbox/lib/x86_64-osx-ghc-8.4.3/psqueues-0.2.7.1-ISRXKNv4rmf1cREUWkaDC8
cabal: Leaving directory '/var/folders/pb/55v2zn3n28s1_0bj1wvw_xcw0000gn/T/cabal-tmp-28510/psqueues-0.2.7.1'
