cabal: Entering directory '/var/folders/pb/55v2zn3n28s1_0bj1wvw_xcw0000gn/T/cabal-tmp-28510/resourcet-1.2.2'
Configuring resourcet-1.2.2...
Preprocessing library for resourcet-1.2.2..
Building library for resourcet-1.2.2..
[1 of 5] Compiling Data.Acquire.Internal ( Data/Acquire/Internal.hs, dist/dist-sandbox-cae292d1/build/Data/Acquire/Internal.o )
[2 of 5] Compiling Control.Monad.Trans.Resource.Internal ( Control/Monad/Trans/Resource/Internal.hs, dist/dist-sandbox-cae292d1/build/Control/Monad/Trans/Resource/Internal.o )

Control/Monad/Trans/Resource/Internal.hs:43:1: warning: [-Wdeprecations]
    Module ‘Control.Monad.Trans.List’ is deprecated:
      This transformer is invalid on most monads
   |
43 | import Control.Monad.Trans.List     ( ListT    )
   | ^^^^^^^^^^^^^^^^^^^^^^^^^^^^^^^^^^^^^^^^^^^^^^^^

Control/Monad/Trans/Resource/Internal.hs:264:46: warning: [-Wdeprecations]
    In the use of type constructor or class ‘ListT’
    (imported from Control.Monad.Trans.List):
    Deprecated: "This transformer is invalid on most monads"
    |
264 | GO(ListT)
    |                                              ^^^^^
[3 of 5] Compiling Data.Acquire     ( Data/Acquire.hs, dist/dist-sandbox-cae292d1/build/Data/Acquire.o )
[4 of 5] Compiling Control.Monad.Trans.Resource ( Control/Monad/Trans/Resource.hs, dist/dist-sandbox-cae292d1/build/Control/Monad/Trans/Resource.o )
[5 of 5] Compiling UnliftIO.Resource ( UnliftIO/Resource.hs, dist/dist-sandbox-cae292d1/build/UnliftIO/Resource.o )
[1 of 5] Compiling Data.Acquire.Internal ( Data/Acquire/Internal.hs, dist/dist-sandbox-cae292d1/build/Data/Acquire/Internal.p_o )
[2 of 5] Compiling Control.Monad.Trans.Resource.Internal ( Control/Monad/Trans/Resource/Internal.hs, dist/dist-sandbox-cae292d1/build/Control/Monad/Trans/Resource/Internal.p_o )

Control/Monad/Trans/Resource/Internal.hs:43:1: warning: [-Wdeprecations]
    Module ‘Control.Monad.Trans.List’ is deprecated:
      This transformer is invalid on most monads
   |
43 | import Control.Monad.Trans.List     ( ListT    )
   | ^^^^^^^^^^^^^^^^^^^^^^^^^^^^^^^^^^^^^^^^^^^^^^^^

Control/Monad/Trans/Resource/Internal.hs:264:46: warning: [-Wdeprecations]
    In the use of type constructor or class ‘ListT’
    (imported from Control.Monad.Trans.List):
    Deprecated: "This transformer is invalid on most monads"
    |
264 | GO(ListT)
    |                                              ^^^^^
[3 of 5] Compiling Data.Acquire     ( Data/Acquire.hs, dist/dist-sandbox-cae292d1/build/Data/Acquire.p_o )
[4 of 5] Compiling Control.Monad.Trans.Resource ( Control/Monad/Trans/Resource.hs, dist/dist-sandbox-cae292d1/build/Control/Monad/Trans/Resource.p_o )
[5 of 5] Compiling UnliftIO.Resource ( UnliftIO/Resource.hs, dist/dist-sandbox-cae292d1/build/UnliftIO/Resource.p_o )
ignoring (possibly broken) abi-depends field for packages
Preprocessing library for resourcet-1.2.2..
Running Haddock on library for resourcet-1.2.2..

Control/Monad/Trans/Resource/Internal.hs:43:1: warning: [-Wdeprecations]
    Module ‘Control.Monad.Trans.List’ is deprecated:
      This transformer is invalid on most monads
   |
43 | import Control.Monad.Trans.List     ( ListT    )
   | ^^^^^^^^^^^^^^^^^^^^^^^^^^^^^^^^^^^^^^^^^^^^^^^^

Control/Monad/Trans/Resource/Internal.hs:264:46: warning: [-Wdeprecations]
    In the use of type constructor or class ‘ListT’
    (imported from Control.Monad.Trans.List):
    Deprecated: "This transformer is invalid on most monads"
    |
264 | GO(ListT)
    |                                              ^^^^^
Haddock coverage:
  71% (  5 /  7) in 'Data.Acquire.Internal'
  Missing documentation for:
    Module header
    Allocated (Data/Acquire/Internal.hs:31)
  64% (  9 / 14) in 'Control.Monad.Trans.Resource.Internal'
  Missing documentation for:
    Module header
    ReleaseMap (Control/Monad/Trans/Resource/Internal.hs:96)
    stateAlloc (Control/Monad/Trans/Resource/Internal.hs:278)
    stateCleanup (Control/Monad/Trans/Resource/Internal.hs:286)
    register' (Control/Monad/Trans/Resource/Internal.hs:304)
 100% ( 10 / 10) in 'Data.Acquire'
 100% ( 39 / 39) in 'Control.Monad.Trans.Resource'
 100% ( 12 / 12) in 'UnliftIO.Resource'
Warning: Control.Monad.Trans.Resource.Internal: could not find link destinations for:
    NextKey RefCount
Documentation created:
dist/dist-sandbox-cae292d1/doc/html/resourcet/index.html
Installing library in /Users/oscarroche/dev/joko_test/.cabal-sandbox/lib/x86_64-osx-ghc-8.4.3/resourcet-1.2.2-8xkREMDWju23JfrQR9YD5q
cabal: Leaving directory '/var/folders/pb/55v2zn3n28s1_0bj1wvw_xcw0000gn/T/cabal-tmp-28510/resourcet-1.2.2'
