cabal: Entering directory '/var/folders/pb/55v2zn3n28s1_0bj1wvw_xcw0000gn/T/cabal-tmp-28511/semigroups-0.18.5'
Configuring semigroups-0.18.5...
Preprocessing library for semigroups-0.18.5..
Building library for semigroups-0.18.5..
[1 of 1] Compiling Data.Semigroup.Generic ( src/Data/Semigroup/Generic.hs, dist/dist-sandbox-cae292d1/build/Data/Semigroup/Generic.o )
[1 of 1] Compiling Data.Semigroup.Generic ( src/Data/Semigroup/Generic.hs, dist/dist-sandbox-cae292d1/build/Data/Semigroup/Generic.p_o )
ignoring (possibly broken) abi-depends field for packages
Preprocessing library for semigroups-0.18.5..
Running Haddock on library for semigroups-0.18.5..
Haddock coverage:
  60% (  3 /  5) in 'Data.Semigroup.Generic'
  Missing documentation for:
    GSemigroup (src/Data/Semigroup/Generic.hs:46)
    GMonoid (src/Data/Semigroup/Generic.hs:76)
Warning: Data.Semigroup.Generic: could not find link destinations for:
    gmappend' gmempty'
Documentation created:
dist/dist-sandbox-cae292d1/doc/html/semigroups/index.html
Installing library in /Users/oscarroche/dev/joko_test/.cabal-sandbox/lib/x86_64-osx-ghc-8.4.3/semigroups-0.18.5-4wF7shTUk7yAIO0TM2pGdy
cabal: Leaving directory '/var/folders/pb/55v2zn3n28s1_0bj1wvw_xcw0000gn/T/cabal-tmp-28511/semigroups-0.18.5'
