cabal: Entering directory '/var/folders/pb/55v2zn3n28s1_0bj1wvw_xcw0000gn/T/cabal-tmp-28511/tagged-0.8.6'
Configuring tagged-0.8.6...
Preprocessing library for tagged-0.8.6..
Building library for tagged-0.8.6..
[1 of 2] Compiling Data.Proxy.TH    ( src/Data/Proxy/TH.hs, dist/dist-sandbox-cae292d1/build/Data/Proxy/TH.o )
[2 of 2] Compiling Data.Tagged      ( src/Data/Tagged.hs, dist/dist-sandbox-cae292d1/build/Data/Tagged.o )
[1 of 2] Compiling Data.Proxy.TH    ( src/Data/Proxy/TH.hs, dist/dist-sandbox-cae292d1/build/Data/Proxy/TH.p_o )
[2 of 2] Compiling Data.Tagged      ( src/Data/Tagged.hs, dist/dist-sandbox-cae292d1/build/Data/Tagged.p_o )
ignoring (possibly broken) abi-depends field for packages
Preprocessing library for tagged-0.8.6..
Running Haddock on library for tagged-0.8.6..
Haddock coverage:
  67% (  2 /  3) in 'Data.Proxy.TH'
  Missing documentation for:
    Module header
  93% ( 14 / 15) in 'Data.Tagged'
  Missing documentation for:
    witness (src/Data/Tagged.hs:451)
Warning: Data.Tagged: could not find link destinations for:
    unsafeIndex unsafeRangeSize
Documentation created: dist/dist-sandbox-cae292d1/doc/html/tagged/index.html
Installing library in /Users/oscarroche/dev/joko_test/.cabal-sandbox/lib/x86_64-osx-ghc-8.4.3/tagged-0.8.6-8akQ1aZG2N2GFJpoB5eGXO
cabal: Leaving directory '/var/folders/pb/55v2zn3n28s1_0bj1wvw_xcw0000gn/T/cabal-tmp-28511/tagged-0.8.6'
