cabal: Entering directory '/var/folders/pb/55v2zn3n28s1_0bj1wvw_xcw0000gn/T/cabal-tmp-28513/unix-compat-0.5.1'
Configuring unix-compat-0.5.1...
Preprocessing library for unix-compat-0.5.1..
Building library for unix-compat-0.5.1..
[1 of 8] Compiling System.PosixCompat.Files ( dist/dist-sandbox-cae292d1/build/System/PosixCompat/Files.hs, dist/dist-sandbox-cae292d1/build/System/PosixCompat/Files.o )
[2 of 8] Compiling System.PosixCompat.Temp ( src/System/PosixCompat/Temp.hs, dist/dist-sandbox-cae292d1/build/System/PosixCompat/Temp.o )
[3 of 8] Compiling System.PosixCompat.Time ( src/System/PosixCompat/Time.hs, dist/dist-sandbox-cae292d1/build/System/PosixCompat/Time.o )
[4 of 8] Compiling System.PosixCompat.Types ( src/System/PosixCompat/Types.hs, dist/dist-sandbox-cae292d1/build/System/PosixCompat/Types.o )
[5 of 8] Compiling System.PosixCompat.Extensions ( dist/dist-sandbox-cae292d1/build/System/PosixCompat/Extensions.hs, dist/dist-sandbox-cae292d1/build/System/PosixCompat/Extensions.o )
[6 of 8] Compiling System.PosixCompat.Unistd ( src/System/PosixCompat/Unistd.hs, dist/dist-sandbox-cae292d1/build/System/PosixCompat/Unistd.o )
[7 of 8] Compiling System.PosixCompat.User ( dist/dist-sandbox-cae292d1/build/System/PosixCompat/User.hs, dist/dist-sandbox-cae292d1/build/System/PosixCompat/User.o )
[8 of 8] Compiling System.PosixCompat ( src/System/PosixCompat.hs, dist/dist-sandbox-cae292d1/build/System/PosixCompat.o )
[1 of 8] Compiling System.PosixCompat.Files ( dist/dist-sandbox-cae292d1/build/System/PosixCompat/Files.hs, dist/dist-sandbox-cae292d1/build/System/PosixCompat/Files.p_o )
[2 of 8] Compiling System.PosixCompat.Temp ( src/System/PosixCompat/Temp.hs, dist/dist-sandbox-cae292d1/build/System/PosixCompat/Temp.p_o )
[3 of 8] Compiling System.PosixCompat.Time ( src/System/PosixCompat/Time.hs, dist/dist-sandbox-cae292d1/build/System/PosixCompat/Time.p_o )
[4 of 8] Compiling System.PosixCompat.Types ( src/System/PosixCompat/Types.hs, dist/dist-sandbox-cae292d1/build/System/PosixCompat/Types.p_o )
[5 of 8] Compiling System.PosixCompat.Extensions ( dist/dist-sandbox-cae292d1/build/System/PosixCompat/Extensions.hs, dist/dist-sandbox-cae292d1/build/System/PosixCompat/Extensions.p_o )
[6 of 8] Compiling System.PosixCompat.Unistd ( src/System/PosixCompat/Unistd.hs, dist/dist-sandbox-cae292d1/build/System/PosixCompat/Unistd.p_o )
[7 of 8] Compiling System.PosixCompat.User ( dist/dist-sandbox-cae292d1/build/System/PosixCompat/User.hs, dist/dist-sandbox-cae292d1/build/System/PosixCompat/User.p_o )
[8 of 8] Compiling System.PosixCompat ( src/System/PosixCompat.hs, dist/dist-sandbox-cae292d1/build/System/PosixCompat.p_o )
ignoring (possibly broken) abi-depends field for packages
Preprocessing library for unix-compat-0.5.1..
Running Haddock on library for unix-compat-0.5.1..
Haddock coverage:
  99% ( 77 / 78) in 'System.PosixCompat.Files'
  Missing documentation for:
    PathVar
 100% (  2 /  2) in 'System.PosixCompat.Temp'
 100% (  2 /  2) in 'System.PosixCompat.Time'
 100% (  2 /  2) in 'System.PosixCompat.Types'
  71% (  5 /  7) in 'System.PosixCompat.Extensions'
  Missing documentation for:
    CMajor (src/System/PosixCompat/Extensions.hsc:23)
    CMinor (src/System/PosixCompat/Extensions.hsc:24)
  75% (  6 /  8) in 'System.PosixCompat.Unistd'
  Missing documentation for:
    SystemID
    getSystemID
  91% ( 21 / 23) in 'System.PosixCompat.User'
  Missing documentation for:
    GroupEntry
    UserEntry
 100% (  8 /  8) in 'System.PosixCompat'
Documentation created:
dist/dist-sandbox-cae292d1/doc/html/unix-compat/index.html
Installing library in /Users/oscarroche/dev/joko_test/.cabal-sandbox/lib/x86_64-osx-ghc-8.4.3/unix-compat-0.5.1-LasIUPMQKR08an4nb6j8Io
cabal: Leaving directory '/var/folders/pb/55v2zn3n28s1_0bj1wvw_xcw0000gn/T/cabal-tmp-28513/unix-compat-0.5.1'
