cabal: Entering directory '/var/folders/pb/55v2zn3n28s1_0bj1wvw_xcw0000gn/T/cabal-tmp-28510/vault-0.3.1.2'
Configuring vault-0.3.1.2...
Preprocessing library for vault-0.3.1.2..
Building library for vault-0.3.1.2..
[1 of 5] Compiling Data.Unique.Really ( src/Data/Unique/Really.hs, dist/dist-sandbox-cae292d1/build/Data/Unique/Really.o )
[2 of 5] Compiling Data.Vault.ST.Lazy ( src/Data/Vault/ST/Lazy.hs, dist/dist-sandbox-cae292d1/build/Data/Vault/ST/Lazy.o )
[3 of 5] Compiling Data.Vault.Lazy  ( src/Data/Vault/Lazy.hs, dist/dist-sandbox-cae292d1/build/Data/Vault/Lazy.o )
[4 of 5] Compiling Data.Vault.ST.Strict ( src/Data/Vault/ST/Strict.hs, dist/dist-sandbox-cae292d1/build/Data/Vault/ST/Strict.o )
[5 of 5] Compiling Data.Vault.Strict ( src/Data/Vault/Strict.hs, dist/dist-sandbox-cae292d1/build/Data/Vault/Strict.o )
[1 of 5] Compiling Data.Unique.Really ( src/Data/Unique/Really.hs, dist/dist-sandbox-cae292d1/build/Data/Unique/Really.p_o )
[2 of 5] Compiling Data.Vault.ST.Lazy ( src/Data/Vault/ST/Lazy.hs, dist/dist-sandbox-cae292d1/build/Data/Vault/ST/Lazy.p_o )
[3 of 5] Compiling Data.Vault.Lazy  ( src/Data/Vault/Lazy.hs, dist/dist-sandbox-cae292d1/build/Data/Vault/Lazy.p_o )
[4 of 5] Compiling Data.Vault.ST.Strict ( src/Data/Vault/ST/Strict.hs, dist/dist-sandbox-cae292d1/build/Data/Vault/ST/Strict.p_o )
[5 of 5] Compiling Data.Vault.Strict ( src/Data/Vault/Strict.hs, dist/dist-sandbox-cae292d1/build/Data/Vault/Strict.p_o )
ignoring (possibly broken) abi-depends field for packages
Preprocessing library for vault-0.3.1.2..
Running Haddock on library for vault-0.3.1.2..
Haddock coverage:
 100% (  4 /  4) in 'Data.Unique.Really'
  80% ( 12 / 15) in 'Data.Vault.ST.Lazy'
  Missing documentation for:
    Vault (src/Data/Vault/ST/backends/GHC.h:18)
    Key (src/Data/Vault/ST/backends/GHC.h:19)
    Locker (src/Data/Vault/ST/backends/GHC.h:40)
 100% ( 15 / 15) in 'Data.Vault.Lazy'
  80% ( 12 / 15) in 'Data.Vault.ST.Strict'
  Missing documentation for:
    Vault (src/Data/Vault/ST/backends/GHC.h:18)
    Key (src/Data/Vault/ST/backends/GHC.h:19)
    Locker (src/Data/Vault/ST/backends/GHC.h:40)
 100% ( 15 / 15) in 'Data.Vault.Strict'
Documentation created: dist/dist-sandbox-cae292d1/doc/html/vault/index.html
Installing library in /Users/oscarroche/dev/joko_test/.cabal-sandbox/lib/x86_64-osx-ghc-8.4.3/vault-0.3.1.2-4jyAOortf8K6gzRZ0dIcNF
cabal: Leaving directory '/var/folders/pb/55v2zn3n28s1_0bj1wvw_xcw0000gn/T/cabal-tmp-28510/vault-0.3.1.2'
