cabal: Entering directory '/var/folders/pb/55v2zn3n28s1_0bj1wvw_xcw0000gn/T/cabal-tmp-28510/wai-3.2.2'
Configuring wai-3.2.2...
Preprocessing library for wai-3.2.2..
Building library for wai-3.2.2..
[1 of 2] Compiling Network.Wai.Internal ( Network/Wai/Internal.hs, dist/dist-sandbox-cae292d1/build/Network/Wai/Internal.o )
[2 of 2] Compiling Network.Wai      ( Network/Wai.hs, dist/dist-sandbox-cae292d1/build/Network/Wai.o )
[1 of 2] Compiling Network.Wai.Internal ( Network/Wai/Internal.hs, dist/dist-sandbox-cae292d1/build/Network/Wai/Internal.p_o )
[2 of 2] Compiling Network.Wai      ( Network/Wai.hs, dist/dist-sandbox-cae292d1/build/Network/Wai.p_o )
ignoring (possibly broken) abi-depends field for packages
Preprocessing library for wai-3.2.2..
Running Haddock on library for wai-3.2.2..
Haddock coverage:
  88% (  7 /  8) in 'Network.Wai.Internal'
  Missing documentation for:
    Response (Network/Wai/Internal.hs:122)
  98% ( 47 / 48) in 'Network.Wai'
  Missing documentation for:
    Response (Network/Wai/Internal.hs:122)
Documentation created: dist/dist-sandbox-cae292d1/doc/html/wai/index.html
Installing library in /Users/oscarroche/dev/joko_test/.cabal-sandbox/lib/x86_64-osx-ghc-8.4.3/wai-3.2.2-Bo0XpV6o50DIEEHZhGn4id
cabal: Leaving directory '/var/folders/pb/55v2zn3n28s1_0bj1wvw_xcw0000gn/T/cabal-tmp-28510/wai-3.2.2'
