cabal: Entering directory '/var/folders/pb/55v2zn3n28s1_0bj1wvw_xcw0000gn/T/cabal-tmp-28510/wai-logger-2.3.4'
[1 of 1] Compiling Main             ( /var/folders/pb/55v2zn3n28s1_0bj1wvw_xcw0000gn/T/cabal-tmp-28510/wai-logger-2.3.4/dist/dist-sandbox-cae292d1/setup/setup.hs, /var/folders/pb/55v2zn3n28s1_0bj1wvw_xcw0000gn/T/cabal-tmp-28510/wai-logger-2.3.4/dist/dist-sandbox-cae292d1/setup/Main.o )
Linking /var/folders/pb/55v2zn3n28s1_0bj1wvw_xcw0000gn/T/cabal-tmp-28510/wai-logger-2.3.4/dist/dist-sandbox-cae292d1/setup/setup ...
Configuring wai-logger-2.3.4...
Preprocessing library for wai-logger-2.3.4..
Building library for wai-logger-2.3.4..
[1 of 4] Compiling Network.Wai.Logger.IORef ( Network/Wai/Logger/IORef.hs, dist/dist-sandbox-cae292d1/build/Network/Wai/Logger/IORef.o )
[2 of 4] Compiling Network.Wai.Logger.IP ( Network/Wai/Logger/IP.hs, dist/dist-sandbox-cae292d1/build/Network/Wai/Logger/IP.o )
[3 of 4] Compiling Network.Wai.Logger.Apache ( Network/Wai/Logger/Apache.hs, dist/dist-sandbox-cae292d1/build/Network/Wai/Logger/Apache.o )
[4 of 4] Compiling Network.Wai.Logger ( Network/Wai/Logger.hs, dist/dist-sandbox-cae292d1/build/Network/Wai/Logger.o )
[1 of 4] Compiling Network.Wai.Logger.IORef ( Network/Wai/Logger/IORef.hs, dist/dist-sandbox-cae292d1/build/Network/Wai/Logger/IORef.p_o )
[2 of 4] Compiling Network.Wai.Logger.IP ( Network/Wai/Logger/IP.hs, dist/dist-sandbox-cae292d1/build/Network/Wai/Logger/IP.p_o )
[3 of 4] Compiling Network.Wai.Logger.Apache ( Network/Wai/Logger/Apache.hs, dist/dist-sandbox-cae292d1/build/Network/Wai/Logger/Apache.p_o )
[4 of 4] Compiling Network.Wai.Logger ( Network/Wai/Logger.hs, dist/dist-sandbox-cae292d1/build/Network/Wai/Logger.p_o )
ignoring (possibly broken) abi-depends field for packages
Preprocessing library for wai-logger-2.3.4..
Running Haddock on library for wai-logger-2.3.4..
Haddock coverage:
  96% ( 23 / 24) in 'Network.Wai.Logger'
  Missing documentation for:
    logCheck (Network/Wai/Logger.hs:126)
Warning: Network.Wai.Logger: could not find link destinations for:
    NumericAddress
Documentation created:
dist/dist-sandbox-cae292d1/doc/html/wai-logger/index.html
Installing library in /Users/oscarroche/dev/joko_test/.cabal-sandbox/lib/x86_64-osx-ghc-8.4.3/wai-logger-2.3.4-7VDYMH68dA2BBOCtWSSWVG
cabal: Leaving directory '/var/folders/pb/55v2zn3n28s1_0bj1wvw_xcw0000gn/T/cabal-tmp-28510/wai-logger-2.3.4'
